Determining if the pthread_create exist failed with the following output:
Change Dir: /home/govind/ariac_ws/build/catkin_tools_prebuild/CMakeFiles/CMakeTmp

Run Build Command:"/usr/bin/make" "cmTC_0c1ec/fast"
/usr/bin/make -f CMakeFiles/cmTC_0c1ec.dir/build.make CMakeFiles/cmTC_0c1ec.dir/build
make[1]: Entering directory '/home/govind/ariac_ws/build/catkin_tools_prebuild/CMakeFiles/CMakeTmp'
Building C object CMakeFiles/cmTC_0c1ec.dir/CheckSymbolExists.c.o
/usr/bin/cc    -o CMakeFiles/cmTC_0c1ec.dir/CheckSymbolExists.c.o   -c /home/govind/ariac_ws/build/catkin_tools_prebuild/CMakeFiles/CMakeTmp/CheckSymbolExists.c
Linking C executable cmTC_0c1ec
/usr/bin/cmake -E cmake_link_script CMakeFiles/cmTC_0c1ec.dir/link.txt --verbose=1
/usr/bin/cc      -rdynamic CMakeFiles/cmTC_0c1ec.dir/CheckSymbolExists.c.o  -o cmTC_0c1ec 
CMakeFiles/cmTC_0c1ec.dir/CheckSymbolExists.c.o: In function `main':
CheckSymbolExists.c:(.text+0x1b): undefined reference to `pthread_create'
collect2: error: ld returned 1 exit status
CMakeFiles/cmTC_0c1ec.dir/build.make:97: recipe for target 'cmTC_0c1ec' failed
make[1]: *** [cmTC_0c1ec] Error 1
make[1]: Leaving directory '/home/govind/ariac_ws/build/catkin_tools_prebuild/CMakeFiles/CMakeTmp'
Makefile:126: recipe for target 'cmTC_0c1ec/fast' failed
make: *** [cmTC_0c1ec/fast] Error 2

File /home/govind/ariac_ws/build/catkin_tools_prebuild/CMakeFiles/CMakeTmp/CheckSymbolExists.c:
/* */
#include <pthread.h>

int main(int argc, char** argv)
{
  (void)argv;
#ifndef pthread_create
  return ((int*)(&pthread_create))[argc];
#else
  (void)argc;
  return 0;
#endif
}

Determining if the function pthread_create exists in the pthreads failed with the following output:
Change Dir: /home/govind/ariac_ws/build/catkin_tools_prebuild/CMakeFiles/CMakeTmp

Run Build Command:"/usr/bin/make" "cmTC_f85a4/fast"
/usr/bin/make -f CMakeFiles/cmTC_f85a4.dir/build.make CMakeFiles/cmTC_f85a4.dir/build
make[1]: Entering directory '/home/govind/ariac_ws/build/catkin_tools_prebuild/CMakeFiles/CMakeTmp'
Building C object CMakeFiles/cmTC_f85a4.dir/CheckFunctionExists.c.o
/usr/bin/cc   -DCHECK_FUNCTION_EXISTS=pthread_create   -o CMakeFiles/cmTC_f85a4.dir/CheckFunctionExists.c.o   -c /usr/share/cmake-3.10/Modules/CheckFunctionExists.c
Linking C executable cmTC_f85a4
/usr/bin/cmake -E cmake_link_script CMakeFiles/cmTC_f85a4.dir/link.txt --verbose=1
/usr/bin/cc  -DCHECK_FUNCTION_EXISTS=pthread_create    -rdynamic CMakeFiles/cmTC_f85a4.dir/CheckFunctionExists.c.o  -o cmTC_f85a4 -lpthreads 
/usr/bin/ld: cannot find -lpthreads
collect2: error: ld returned 1 exit status
CMakeFiles/cmTC_f85a4.dir/build.make:97: recipe for target 'cmTC_f85a4' failed
make[1]: *** [cmTC_f85a4] Error 1
make[1]: Leaving directory '/home/govind/ariac_ws/build/catkin_tools_prebuild/CMakeFiles/CMakeTmp'
Makefile:126: recipe for target 'cmTC_f85a4/fast' failed
make: *** [cmTC_f85a4/fast] Error 2


