[  0%] Built target _nist_gear_generate_messages_check_deps_DetectedProduct
[  0%] Built target _nist_gear_generate_messages_check_deps_DroneControl
[  0%] Built target _nist_gear_generate_messages_check_deps_Order
[  0%] Built target _nist_gear_generate_messages_check_deps_SubmitTray
[  0%] Built target _nist_gear_generate_messages_check_deps_AGVControl
[  0%] Built target _nist_gear_generate_messages_check_deps_Shipment
[  0%] Built target _nist_gear_generate_messages_check_deps_StorageUnit
[  0%] Built target _nist_gear_generate_messages_check_deps_DetectedShipment
[  0%] Built target _nist_gear_generate_messages_check_deps_GetMaterialLocations
[  0%] Built target _nist_gear_generate_messages_check_deps_SubmitShipment
[  0%] Built target _nist_gear_generate_messages_check_deps_DetectShipment
[  0%] Built target _nist_gear_generate_messages_check_deps_LogicalCameraImage
[  0%] Built target _nist_gear_generate_messages_check_deps_Proximity
[  0%] Built target _nist_gear_generate_messages_check_deps_VacuumGripperState
[  0%] Built target _nist_gear_generate_messages_check_deps_Product
[  0%] Built target _nist_gear_generate_messages_check_deps_PopulationControl
[  0%] Built target geometry_msgs_generate_messages_lisp
[  0%] Built target _nist_gear_generate_messages_check_deps_PopulationState
[  0%] Built target _nist_gear_generate_messages_check_deps_VacuumGripperControl
[  0%] Built target _nist_gear_generate_messages_check_deps_ConveyorBeltState
[  0%] Built target std_msgs_generate_messages_lisp
[  0%] Built target _nist_gear_generate_messages_check_deps_ConveyorBeltControl
[  0%] Built target std_msgs_generate_messages_nodejs
[  0%] Built target geometry_msgs_generate_messages_nodejs
[  0%] Built target geometry_msgs_generate_messages_eus
[  0%] Built target std_msgs_generate_messages_eus
[  0%] Built target _nist_gear_generate_messages_check_deps_Model
[  0%] Built target geometry_msgs_generate_messages_py
[  0%] Built target std_msgs_generate_messages_py
[  0%] Built target geometry_msgs_generate_messages_cpp
[  0%] Built target std_msgs_generate_messages_cpp
[  1%] Built target PopulationPlugin
[  3%] Built target SideContactPlugin
[  3%] Built target ProximityRayPlugin
[  5%] Built target SensorBlackoutPlugin
[  7%] Built target tf2_relay
[  8%] Built target ToggleVisualPlugin
[  9%] Built target VacuumGripperPlugin
[ 23%] Built target nist_gear_generate_messages_lisp
[ 24%] Built target LogPlaybackPlugin
[ 38%] Built target nist_gear_generate_messages_eus
[ 52%] Built target nist_gear_generate_messages_nodejs
[ 67%] Built target nist_gear_generate_messages_py
[ 81%] Built target nist_gear_generate_messages_cpp
[ 83%] Built target ObjectDisposalPlugin
[ 84%] Built target ConveyorBeltPlugin
[ 87%] Built target ROSAriacKitTrayPlugin
[ 88%] Built target ROSLogicalCameraPlugin
[ 89%] Built target ConveyorCongestionPlugin
[ 90%] Built target ROSAGVPlugin
[ 91%] Built target nist_gear_generate_messages
[ 91%] Built target ROSVacuumGripperPlugin
[ 92%] Built target ROSLaserPlugin
[ 94%] Built target ROSPersonPlugin
[ 95%] Built target ROSPopulationPlugin
[ 96%] Built target ROSProximityRayPlugin
[ 97%] Built target AriacScorer
[ 98%] Built target ROSConveyorBeltPlugin
[100%] Built target ROSAriacTaskManagerPlugin
