Linked: (/home/govind/ariac_ws/devel/.private/nist_gear/etc/catkin/profile.d/99_nist_gear_setup.sh, /home/govind/ariac_ws/devel/etc/catkin/profile.d/99_nist_gear_setup.sh)
Linked: (/home/govind/ariac_ws/devel/.private/nist_gear/etc/catkin/profile.d/cmake.lock, /home/govind/ariac_ws/devel/etc/catkin/profile.d/cmake.lock)
Linked: (/home/govind/ariac_ws/devel/.private/nist_gear/share/nist_gear/cmake/nist_gear-msg-paths.cmake, /home/govind/ariac_ws/devel/share/nist_gear/cmake/nist_gear-msg-paths.cmake)
Linked: (/home/govind/ariac_ws/devel/.private/nist_gear/share/nist_gear/cmake/nist_gearConfig.cmake, /home/govind/ariac_ws/devel/share/nist_gear/cmake/nist_gearConfig.cmake)
Linked: (/home/govind/ariac_ws/devel/.private/nist_gear/share/nist_gear/cmake/nist_gear-msg-extras.cmake, /home/govind/ariac_ws/devel/share/nist_gear/cmake/nist_gear-msg-extras.cmake)
Linked: (/home/govind/ariac_ws/devel/.private/nist_gear/share/nist_gear/cmake/nist_gearConfig-version.cmake, /home/govind/ariac_ws/devel/share/nist_gear/cmake/nist_gearConfig-version.cmake)
Linked: (/home/govind/ariac_ws/devel/.private/nist_gear/share/gennodejs/ros/nist_gear/_index.js, /home/govind/ariac_ws/devel/share/gennodejs/ros/nist_gear/_index.js)
Linked: (/home/govind/ariac_ws/devel/.private/nist_gear/share/gennodejs/ros/nist_gear/msg/PopulationState.js, /home/govind/ariac_ws/devel/share/gennodejs/ros/nist_gear/msg/PopulationState.js)
Linked: (/home/govind/ariac_ws/devel/.private/nist_gear/share/gennodejs/ros/nist_gear/msg/Order.js, /home/govind/ariac_ws/devel/share/gennodejs/ros/nist_gear/msg/Order.js)
Linked: (/home/govind/ariac_ws/devel/.private/nist_gear/share/gennodejs/ros/nist_gear/msg/StorageUnit.js, /home/govind/ariac_ws/devel/share/gennodejs/ros/nist_gear/msg/StorageUnit.js)
Linked: (/home/govind/ariac_ws/devel/.private/nist_gear/share/gennodejs/ros/nist_gear/msg/_index.js, /home/govind/ariac_ws/devel/share/gennodejs/ros/nist_gear/msg/_index.js)
Linked: (/home/govind/ariac_ws/devel/.private/nist_gear/share/gennodejs/ros/nist_gear/msg/Proximity.js, /home/govind/ariac_ws/devel/share/gennodejs/ros/nist_gear/msg/Proximity.js)
Linked: (/home/govind/ariac_ws/devel/.private/nist_gear/share/gennodejs/ros/nist_gear/msg/DetectedShipment.js, /home/govind/ariac_ws/devel/share/gennodejs/ros/nist_gear/msg/DetectedShipment.js)
Linked: (/home/govind/ariac_ws/devel/.private/nist_gear/share/gennodejs/ros/nist_gear/msg/VacuumGripperState.js, /home/govind/ariac_ws/devel/share/gennodejs/ros/nist_gear/msg/VacuumGripperState.js)
Linked: (/home/govind/ariac_ws/devel/.private/nist_gear/share/gennodejs/ros/nist_gear/msg/DetectedProduct.js, /home/govind/ariac_ws/devel/share/gennodejs/ros/nist_gear/msg/DetectedProduct.js)
Linked: (/home/govind/ariac_ws/devel/.private/nist_gear/share/gennodejs/ros/nist_gear/msg/LogicalCameraImage.js, /home/govind/ariac_ws/devel/share/gennodejs/ros/nist_gear/msg/LogicalCameraImage.js)
Linked: (/home/govind/ariac_ws/devel/.private/nist_gear/share/gennodejs/ros/nist_gear/msg/Product.js, /home/govind/ariac_ws/devel/share/gennodejs/ros/nist_gear/msg/Product.js)
Linked: (/home/govind/ariac_ws/devel/.private/nist_gear/share/gennodejs/ros/nist_gear/msg/Shipment.js, /home/govind/ariac_ws/devel/share/gennodejs/ros/nist_gear/msg/Shipment.js)
Linked: (/home/govind/ariac_ws/devel/.private/nist_gear/share/gennodejs/ros/nist_gear/msg/ConveyorBeltState.js, /home/govind/ariac_ws/devel/share/gennodejs/ros/nist_gear/msg/ConveyorBeltState.js)
Linked: (/home/govind/ariac_ws/devel/.private/nist_gear/share/gennodejs/ros/nist_gear/msg/Model.js, /home/govind/ariac_ws/devel/share/gennodejs/ros/nist_gear/msg/Model.js)
Linked: (/home/govind/ariac_ws/devel/.private/nist_gear/share/gennodejs/ros/nist_gear/srv/SubmitTray.js, /home/govind/ariac_ws/devel/share/gennodejs/ros/nist_gear/srv/SubmitTray.js)
Linked: (/home/govind/ariac_ws/devel/.private/nist_gear/share/gennodejs/ros/nist_gear/srv/DetectShipment.js, /home/govind/ariac_ws/devel/share/gennodejs/ros/nist_gear/srv/DetectShipment.js)
Linked: (/home/govind/ariac_ws/devel/.private/nist_gear/share/gennodejs/ros/nist_gear/srv/DroneControl.js, /home/govind/ariac_ws/devel/share/gennodejs/ros/nist_gear/srv/DroneControl.js)
Linked: (/home/govind/ariac_ws/devel/.private/nist_gear/share/gennodejs/ros/nist_gear/srv/_index.js, /home/govind/ariac_ws/devel/share/gennodejs/ros/nist_gear/srv/_index.js)
Linked: (/home/govind/ariac_ws/devel/.private/nist_gear/share/gennodejs/ros/nist_gear/srv/VacuumGripperControl.js, /home/govind/ariac_ws/devel/share/gennodejs/ros/nist_gear/srv/VacuumGripperControl.js)
Linked: (/home/govind/ariac_ws/devel/.private/nist_gear/share/gennodejs/ros/nist_gear/srv/SubmitShipment.js, /home/govind/ariac_ws/devel/share/gennodejs/ros/nist_gear/srv/SubmitShipment.js)
Linked: (/home/govind/ariac_ws/devel/.private/nist_gear/share/gennodejs/ros/nist_gear/srv/PopulationControl.js, /home/govind/ariac_ws/devel/share/gennodejs/ros/nist_gear/srv/PopulationControl.js)
Linked: (/home/govind/ariac_ws/devel/.private/nist_gear/share/gennodejs/ros/nist_gear/srv/GetMaterialLocations.js, /home/govind/ariac_ws/devel/share/gennodejs/ros/nist_gear/srv/GetMaterialLocations.js)
Linked: (/home/govind/ariac_ws/devel/.private/nist_gear/share/gennodejs/ros/nist_gear/srv/AGVControl.js, /home/govind/ariac_ws/devel/share/gennodejs/ros/nist_gear/srv/AGVControl.js)
Linked: (/home/govind/ariac_ws/devel/.private/nist_gear/share/gennodejs/ros/nist_gear/srv/ConveyorBeltControl.js, /home/govind/ariac_ws/devel/share/gennodejs/ros/nist_gear/srv/ConveyorBeltControl.js)
Linked: (/home/govind/ariac_ws/devel/.private/nist_gear/share/common-lisp/ros/nist_gear/msg/_package.lisp, /home/govind/ariac_ws/devel/share/common-lisp/ros/nist_gear/msg/_package.lisp)
Linked: (/home/govind/ariac_ws/devel/.private/nist_gear/share/common-lisp/ros/nist_gear/msg/_package_Shipment.lisp, /home/govind/ariac_ws/devel/share/common-lisp/ros/nist_gear/msg/_package_Shipment.lisp)
Linked: (/home/govind/ariac_ws/devel/.private/nist_gear/share/common-lisp/ros/nist_gear/msg/Shipment.lisp, /home/govind/ariac_ws/devel/share/common-lisp/ros/nist_gear/msg/Shipment.lisp)
Linked: (/home/govind/ariac_ws/devel/.private/nist_gear/share/common-lisp/ros/nist_gear/msg/nist_gear-msg.asd, /home/govind/ariac_ws/devel/share/common-lisp/ros/nist_gear/msg/nist_gear-msg.asd)
Linked: (/home/govind/ariac_ws/devel/.private/nist_gear/share/common-lisp/ros/nist_gear/msg/DetectedShipment.lisp, /home/govind/ariac_ws/devel/share/common-lisp/ros/nist_gear/msg/DetectedShipment.lisp)
Linked: (/home/govind/ariac_ws/devel/.private/nist_gear/share/common-lisp/ros/nist_gear/msg/_package_PopulationState.lisp, /home/govind/ariac_ws/devel/share/common-lisp/ros/nist_gear/msg/_package_PopulationState.lisp)
Linked: (/home/govind/ariac_ws/devel/.private/nist_gear/share/common-lisp/ros/nist_gear/msg/_package_Product.lisp, /home/govind/ariac_ws/devel/share/common-lisp/ros/nist_gear/msg/_package_Product.lisp)
Linked: (/home/govind/ariac_ws/devel/.private/nist_gear/share/common-lisp/ros/nist_gear/msg/_package_Order.lisp, /home/govind/ariac_ws/devel/share/common-lisp/ros/nist_gear/msg/_package_Order.lisp)
Linked: (/home/govind/ariac_ws/devel/.private/nist_gear/share/common-lisp/ros/nist_gear/msg/Proximity.lisp, /home/govind/ariac_ws/devel/share/common-lisp/ros/nist_gear/msg/Proximity.lisp)
Linked: (/home/govind/ariac_ws/devel/.private/nist_gear/share/common-lisp/ros/nist_gear/msg/_package_StorageUnit.lisp, /home/govind/ariac_ws/devel/share/common-lisp/ros/nist_gear/msg/_package_StorageUnit.lisp)
Linked: (/home/govind/ariac_ws/devel/.private/nist_gear/share/common-lisp/ros/nist_gear/msg/_package_Model.lisp, /home/govind/ariac_ws/devel/share/common-lisp/ros/nist_gear/msg/_package_Model.lisp)
Linked: (/home/govind/ariac_ws/devel/.private/nist_gear/share/common-lisp/ros/nist_gear/msg/ConveyorBeltState.lisp, /home/govind/ariac_ws/devel/share/common-lisp/ros/nist_gear/msg/ConveyorBeltState.lisp)
Linked: (/home/govind/ariac_ws/devel/.private/nist_gear/share/common-lisp/ros/nist_gear/msg/PopulationState.lisp, /home/govind/ariac_ws/devel/share/common-lisp/ros/nist_gear/msg/PopulationState.lisp)
Linked: (/home/govind/ariac_ws/devel/.private/nist_gear/share/common-lisp/ros/nist_gear/msg/_package_VacuumGripperState.lisp, /home/govind/ariac_ws/devel/share/common-lisp/ros/nist_gear/msg/_package_VacuumGripperState.lisp)
Linked: (/home/govind/ariac_ws/devel/.private/nist_gear/share/common-lisp/ros/nist_gear/msg/VacuumGripperState.lisp, /home/govind/ariac_ws/devel/share/common-lisp/ros/nist_gear/msg/VacuumGripperState.lisp)
Linked: (/home/govind/ariac_ws/devel/.private/nist_gear/share/common-lisp/ros/nist_gear/msg/_package_DetectedShipment.lisp, /home/govind/ariac_ws/devel/share/common-lisp/ros/nist_gear/msg/_package_DetectedShipment.lisp)
Linked: (/home/govind/ariac_ws/devel/.private/nist_gear/share/common-lisp/ros/nist_gear/msg/Model.lisp, /home/govind/ariac_ws/devel/share/common-lisp/ros/nist_gear/msg/Model.lisp)
Linked: (/home/govind/ariac_ws/devel/.private/nist_gear/share/common-lisp/ros/nist_gear/msg/StorageUnit.lisp, /home/govind/ariac_ws/devel/share/common-lisp/ros/nist_gear/msg/StorageUnit.lisp)
Linked: (/home/govind/ariac_ws/devel/.private/nist_gear/share/common-lisp/ros/nist_gear/msg/_package_LogicalCameraImage.lisp, /home/govind/ariac_ws/devel/share/common-lisp/ros/nist_gear/msg/_package_LogicalCameraImage.lisp)
Linked: (/home/govind/ariac_ws/devel/.private/nist_gear/share/common-lisp/ros/nist_gear/msg/_package_Proximity.lisp, /home/govind/ariac_ws/devel/share/common-lisp/ros/nist_gear/msg/_package_Proximity.lisp)
Linked: (/home/govind/ariac_ws/devel/.private/nist_gear/share/common-lisp/ros/nist_gear/msg/Product.lisp, /home/govind/ariac_ws/devel/share/common-lisp/ros/nist_gear/msg/Product.lisp)
Linked: (/home/govind/ariac_ws/devel/.private/nist_gear/share/common-lisp/ros/nist_gear/msg/DetectedProduct.lisp, /home/govind/ariac_ws/devel/share/common-lisp/ros/nist_gear/msg/DetectedProduct.lisp)
Linked: (/home/govind/ariac_ws/devel/.private/nist_gear/share/common-lisp/ros/nist_gear/msg/Order.lisp, /home/govind/ariac_ws/devel/share/common-lisp/ros/nist_gear/msg/Order.lisp)
Linked: (/home/govind/ariac_ws/devel/.private/nist_gear/share/common-lisp/ros/nist_gear/msg/_package_ConveyorBeltState.lisp, /home/govind/ariac_ws/devel/share/common-lisp/ros/nist_gear/msg/_package_ConveyorBeltState.lisp)
Linked: (/home/govind/ariac_ws/devel/.private/nist_gear/share/common-lisp/ros/nist_gear/msg/LogicalCameraImage.lisp, /home/govind/ariac_ws/devel/share/common-lisp/ros/nist_gear/msg/LogicalCameraImage.lisp)
Linked: (/home/govind/ariac_ws/devel/.private/nist_gear/share/common-lisp/ros/nist_gear/msg/_package_DetectedProduct.lisp, /home/govind/ariac_ws/devel/share/common-lisp/ros/nist_gear/msg/_package_DetectedProduct.lisp)
Linked: (/home/govind/ariac_ws/devel/.private/nist_gear/share/common-lisp/ros/nist_gear/srv/_package.lisp, /home/govind/ariac_ws/devel/share/common-lisp/ros/nist_gear/srv/_package.lisp)
Linked: (/home/govind/ariac_ws/devel/.private/nist_gear/share/common-lisp/ros/nist_gear/srv/SubmitShipment.lisp, /home/govind/ariac_ws/devel/share/common-lisp/ros/nist_gear/srv/SubmitShipment.lisp)
Linked: (/home/govind/ariac_ws/devel/.private/nist_gear/share/common-lisp/ros/nist_gear/srv/PopulationControl.lisp, /home/govind/ariac_ws/devel/share/common-lisp/ros/nist_gear/srv/PopulationControl.lisp)
Linked: (/home/govind/ariac_ws/devel/.private/nist_gear/share/common-lisp/ros/nist_gear/srv/nist_gear-srv.asd, /home/govind/ariac_ws/devel/share/common-lisp/ros/nist_gear/srv/nist_gear-srv.asd)
Linked: (/home/govind/ariac_ws/devel/.private/nist_gear/share/common-lisp/ros/nist_gear/srv/SubmitTray.lisp, /home/govind/ariac_ws/devel/share/common-lisp/ros/nist_gear/srv/SubmitTray.lisp)
Linked: (/home/govind/ariac_ws/devel/.private/nist_gear/share/common-lisp/ros/nist_gear/srv/_package_AGVControl.lisp, /home/govind/ariac_ws/devel/share/common-lisp/ros/nist_gear/srv/_package_AGVControl.lisp)
Linked: (/home/govind/ariac_ws/devel/.private/nist_gear/share/common-lisp/ros/nist_gear/srv/_package_DroneControl.lisp, /home/govind/ariac_ws/devel/share/common-lisp/ros/nist_gear/srv/_package_DroneControl.lisp)
Linked: (/home/govind/ariac_ws/devel/.private/nist_gear/share/common-lisp/ros/nist_gear/srv/DroneControl.lisp, /home/govind/ariac_ws/devel/share/common-lisp/ros/nist_gear/srv/DroneControl.lisp)
Linked: (/home/govind/ariac_ws/devel/.private/nist_gear/share/common-lisp/ros/nist_gear/srv/GetMaterialLocations.lisp, /home/govind/ariac_ws/devel/share/common-lisp/ros/nist_gear/srv/GetMaterialLocations.lisp)
Linked: (/home/govind/ariac_ws/devel/.private/nist_gear/share/common-lisp/ros/nist_gear/srv/DetectShipment.lisp, /home/govind/ariac_ws/devel/share/common-lisp/ros/nist_gear/srv/DetectShipment.lisp)
Linked: (/home/govind/ariac_ws/devel/.private/nist_gear/share/common-lisp/ros/nist_gear/srv/AGVControl.lisp, /home/govind/ariac_ws/devel/share/common-lisp/ros/nist_gear/srv/AGVControl.lisp)
Linked: (/home/govind/ariac_ws/devel/.private/nist_gear/share/common-lisp/ros/nist_gear/srv/_package_SubmitTray.lisp, /home/govind/ariac_ws/devel/share/common-lisp/ros/nist_gear/srv/_package_SubmitTray.lisp)
Linked: (/home/govind/ariac_ws/devel/.private/nist_gear/share/common-lisp/ros/nist_gear/srv/ConveyorBeltControl.lisp, /home/govind/ariac_ws/devel/share/common-lisp/ros/nist_gear/srv/ConveyorBeltControl.lisp)
Linked: (/home/govind/ariac_ws/devel/.private/nist_gear/share/common-lisp/ros/nist_gear/srv/VacuumGripperControl.lisp, /home/govind/ariac_ws/devel/share/common-lisp/ros/nist_gear/srv/VacuumGripperControl.lisp)
Linked: (/home/govind/ariac_ws/devel/.private/nist_gear/share/common-lisp/ros/nist_gear/srv/_package_VacuumGripperControl.lisp, /home/govind/ariac_ws/devel/share/common-lisp/ros/nist_gear/srv/_package_VacuumGripperControl.lisp)
Linked: (/home/govind/ariac_ws/devel/.private/nist_gear/share/common-lisp/ros/nist_gear/srv/_package_GetMaterialLocations.lisp, /home/govind/ariac_ws/devel/share/common-lisp/ros/nist_gear/srv/_package_GetMaterialLocations.lisp)
Linked: (/home/govind/ariac_ws/devel/.private/nist_gear/share/common-lisp/ros/nist_gear/srv/_package_ConveyorBeltControl.lisp, /home/govind/ariac_ws/devel/share/common-lisp/ros/nist_gear/srv/_package_ConveyorBeltControl.lisp)
Linked: (/home/govind/ariac_ws/devel/.private/nist_gear/share/common-lisp/ros/nist_gear/srv/_package_SubmitShipment.lisp, /home/govind/ariac_ws/devel/share/common-lisp/ros/nist_gear/srv/_package_SubmitShipment.lisp)
Linked: (/home/govind/ariac_ws/devel/.private/nist_gear/share/common-lisp/ros/nist_gear/srv/_package_PopulationControl.lisp, /home/govind/ariac_ws/devel/share/common-lisp/ros/nist_gear/srv/_package_PopulationControl.lisp)
Linked: (/home/govind/ariac_ws/devel/.private/nist_gear/share/common-lisp/ros/nist_gear/srv/_package_DetectShipment.lisp, /home/govind/ariac_ws/devel/share/common-lisp/ros/nist_gear/srv/_package_DetectShipment.lisp)
Linked: (/home/govind/ariac_ws/devel/.private/nist_gear/share/roseus/ros/nist_gear/manifest.l, /home/govind/ariac_ws/devel/share/roseus/ros/nist_gear/manifest.l)
Linked: (/home/govind/ariac_ws/devel/.private/nist_gear/share/roseus/ros/nist_gear/msg/Shipment.l, /home/govind/ariac_ws/devel/share/roseus/ros/nist_gear/msg/Shipment.l)
Linked: (/home/govind/ariac_ws/devel/.private/nist_gear/share/roseus/ros/nist_gear/msg/StorageUnit.l, /home/govind/ariac_ws/devel/share/roseus/ros/nist_gear/msg/StorageUnit.l)
Linked: (/home/govind/ariac_ws/devel/.private/nist_gear/share/roseus/ros/nist_gear/msg/Proximity.l, /home/govind/ariac_ws/devel/share/roseus/ros/nist_gear/msg/Proximity.l)
Linked: (/home/govind/ariac_ws/devel/.private/nist_gear/share/roseus/ros/nist_gear/msg/DetectedShipment.l, /home/govind/ariac_ws/devel/share/roseus/ros/nist_gear/msg/DetectedShipment.l)
Linked: (/home/govind/ariac_ws/devel/.private/nist_gear/share/roseus/ros/nist_gear/msg/Product.l, /home/govind/ariac_ws/devel/share/roseus/ros/nist_gear/msg/Product.l)
Linked: (/home/govind/ariac_ws/devel/.private/nist_gear/share/roseus/ros/nist_gear/msg/DetectedProduct.l, /home/govind/ariac_ws/devel/share/roseus/ros/nist_gear/msg/DetectedProduct.l)
Linked: (/home/govind/ariac_ws/devel/.private/nist_gear/share/roseus/ros/nist_gear/msg/Order.l, /home/govind/ariac_ws/devel/share/roseus/ros/nist_gear/msg/Order.l)
Linked: (/home/govind/ariac_ws/devel/.private/nist_gear/share/roseus/ros/nist_gear/msg/VacuumGripperState.l, /home/govind/ariac_ws/devel/share/roseus/ros/nist_gear/msg/VacuumGripperState.l)
Linked: (/home/govind/ariac_ws/devel/.private/nist_gear/share/roseus/ros/nist_gear/msg/LogicalCameraImage.l, /home/govind/ariac_ws/devel/share/roseus/ros/nist_gear/msg/LogicalCameraImage.l)
Linked: (/home/govind/ariac_ws/devel/.private/nist_gear/share/roseus/ros/nist_gear/msg/PopulationState.l, /home/govind/ariac_ws/devel/share/roseus/ros/nist_gear/msg/PopulationState.l)
Linked: (/home/govind/ariac_ws/devel/.private/nist_gear/share/roseus/ros/nist_gear/msg/Model.l, /home/govind/ariac_ws/devel/share/roseus/ros/nist_gear/msg/Model.l)
Linked: (/home/govind/ariac_ws/devel/.private/nist_gear/share/roseus/ros/nist_gear/msg/ConveyorBeltState.l, /home/govind/ariac_ws/devel/share/roseus/ros/nist_gear/msg/ConveyorBeltState.l)
Linked: (/home/govind/ariac_ws/devel/.private/nist_gear/share/roseus/ros/nist_gear/srv/VacuumGripperControl.l, /home/govind/ariac_ws/devel/share/roseus/ros/nist_gear/srv/VacuumGripperControl.l)
Linked: (/home/govind/ariac_ws/devel/.private/nist_gear/share/roseus/ros/nist_gear/srv/DroneControl.l, /home/govind/ariac_ws/devel/share/roseus/ros/nist_gear/srv/DroneControl.l)
Linked: (/home/govind/ariac_ws/devel/.private/nist_gear/share/roseus/ros/nist_gear/srv/DetectShipment.l, /home/govind/ariac_ws/devel/share/roseus/ros/nist_gear/srv/DetectShipment.l)
Linked: (/home/govind/ariac_ws/devel/.private/nist_gear/share/roseus/ros/nist_gear/srv/SubmitTray.l, /home/govind/ariac_ws/devel/share/roseus/ros/nist_gear/srv/SubmitTray.l)
Linked: (/home/govind/ariac_ws/devel/.private/nist_gear/share/roseus/ros/nist_gear/srv/AGVControl.l, /home/govind/ariac_ws/devel/share/roseus/ros/nist_gear/srv/AGVControl.l)
Linked: (/home/govind/ariac_ws/devel/.private/nist_gear/share/roseus/ros/nist_gear/srv/ConveyorBeltControl.l, /home/govind/ariac_ws/devel/share/roseus/ros/nist_gear/srv/ConveyorBeltControl.l)
Linked: (/home/govind/ariac_ws/devel/.private/nist_gear/share/roseus/ros/nist_gear/srv/GetMaterialLocations.l, /home/govind/ariac_ws/devel/share/roseus/ros/nist_gear/srv/GetMaterialLocations.l)
Linked: (/home/govind/ariac_ws/devel/.private/nist_gear/share/roseus/ros/nist_gear/srv/PopulationControl.l, /home/govind/ariac_ws/devel/share/roseus/ros/nist_gear/srv/PopulationControl.l)
Linked: (/home/govind/ariac_ws/devel/.private/nist_gear/share/roseus/ros/nist_gear/srv/SubmitShipment.l, /home/govind/ariac_ws/devel/share/roseus/ros/nist_gear/srv/SubmitShipment.l)
Linked: (/home/govind/ariac_ws/devel/.private/nist_gear/include/nist_gear/DetectedShipment.h, /home/govind/ariac_ws/devel/include/nist_gear/DetectedShipment.h)
Linked: (/home/govind/ariac_ws/devel/.private/nist_gear/include/nist_gear/VacuumGripperControlRequest.h, /home/govind/ariac_ws/devel/include/nist_gear/VacuumGripperControlRequest.h)
Linked: (/home/govind/ariac_ws/devel/.private/nist_gear/include/nist_gear/GetMaterialLocationsRequest.h, /home/govind/ariac_ws/devel/include/nist_gear/GetMaterialLocationsRequest.h)
Linked: (/home/govind/ariac_ws/devel/.private/nist_gear/include/nist_gear/DroneControl.h, /home/govind/ariac_ws/devel/include/nist_gear/DroneControl.h)
Linked: (/home/govind/ariac_ws/devel/.private/nist_gear/include/nist_gear/SubmitShipmentResponse.h, /home/govind/ariac_ws/devel/include/nist_gear/SubmitShipmentResponse.h)
Linked: (/home/govind/ariac_ws/devel/.private/nist_gear/include/nist_gear/Order.h, /home/govind/ariac_ws/devel/include/nist_gear/Order.h)
Linked: (/home/govind/ariac_ws/devel/.private/nist_gear/include/nist_gear/DetectShipment.h, /home/govind/ariac_ws/devel/include/nist_gear/DetectShipment.h)
Linked: (/home/govind/ariac_ws/devel/.private/nist_gear/include/nist_gear/Shipment.h, /home/govind/ariac_ws/devel/include/nist_gear/Shipment.h)
Linked: (/home/govind/ariac_ws/devel/.private/nist_gear/include/nist_gear/StorageUnit.h, /home/govind/ariac_ws/devel/include/nist_gear/StorageUnit.h)
Linked: (/home/govind/ariac_ws/devel/.private/nist_gear/include/nist_gear/DroneControlResponse.h, /home/govind/ariac_ws/devel/include/nist_gear/DroneControlResponse.h)
Linked: (/home/govind/ariac_ws/devel/.private/nist_gear/include/nist_gear/PopulationControlRequest.h, /home/govind/ariac_ws/devel/include/nist_gear/PopulationControlRequest.h)
Linked: (/home/govind/ariac_ws/devel/.private/nist_gear/include/nist_gear/SubmitShipment.h, /home/govind/ariac_ws/devel/include/nist_gear/SubmitShipment.h)
Linked: (/home/govind/ariac_ws/devel/.private/nist_gear/include/nist_gear/LogicalCameraImage.h, /home/govind/ariac_ws/devel/include/nist_gear/LogicalCameraImage.h)
Linked: (/home/govind/ariac_ws/devel/.private/nist_gear/include/nist_gear/DetectShipmentResponse.h, /home/govind/ariac_ws/devel/include/nist_gear/DetectShipmentResponse.h)
Linked: (/home/govind/ariac_ws/devel/.private/nist_gear/include/nist_gear/SubmitShipmentRequest.h, /home/govind/ariac_ws/devel/include/nist_gear/SubmitShipmentRequest.h)
Linked: (/home/govind/ariac_ws/devel/.private/nist_gear/include/nist_gear/SubmitTray.h, /home/govind/ariac_ws/devel/include/nist_gear/SubmitTray.h)
Linked: (/home/govind/ariac_ws/devel/.private/nist_gear/include/nist_gear/ConveyorBeltControl.h, /home/govind/ariac_ws/devel/include/nist_gear/ConveyorBeltControl.h)
Linked: (/home/govind/ariac_ws/devel/.private/nist_gear/include/nist_gear/AGVControlRequest.h, /home/govind/ariac_ws/devel/include/nist_gear/AGVControlRequest.h)
Linked: (/home/govind/ariac_ws/devel/.private/nist_gear/include/nist_gear/ConveyorBeltControlResponse.h, /home/govind/ariac_ws/devel/include/nist_gear/ConveyorBeltControlResponse.h)
Linked: (/home/govind/ariac_ws/devel/.private/nist_gear/include/nist_gear/GetMaterialLocations.h, /home/govind/ariac_ws/devel/include/nist_gear/GetMaterialLocations.h)
Linked: (/home/govind/ariac_ws/devel/.private/nist_gear/include/nist_gear/VacuumGripperControl.h, /home/govind/ariac_ws/devel/include/nist_gear/VacuumGripperControl.h)
Linked: (/home/govind/ariac_ws/devel/.private/nist_gear/include/nist_gear/Model.h, /home/govind/ariac_ws/devel/include/nist_gear/Model.h)
Linked: (/home/govind/ariac_ws/devel/.private/nist_gear/include/nist_gear/PopulationState.h, /home/govind/ariac_ws/devel/include/nist_gear/PopulationState.h)
Linked: (/home/govind/ariac_ws/devel/.private/nist_gear/include/nist_gear/VacuumGripperState.h, /home/govind/ariac_ws/devel/include/nist_gear/VacuumGripperState.h)
Linked: (/home/govind/ariac_ws/devel/.private/nist_gear/include/nist_gear/PopulationControl.h, /home/govind/ariac_ws/devel/include/nist_gear/PopulationControl.h)
Linked: (/home/govind/ariac_ws/devel/.private/nist_gear/include/nist_gear/GetMaterialLocationsResponse.h, /home/govind/ariac_ws/devel/include/nist_gear/GetMaterialLocationsResponse.h)
Linked: (/home/govind/ariac_ws/devel/.private/nist_gear/include/nist_gear/PopulationControlResponse.h, /home/govind/ariac_ws/devel/include/nist_gear/PopulationControlResponse.h)
Linked: (/home/govind/ariac_ws/devel/.private/nist_gear/include/nist_gear/SubmitTrayRequest.h, /home/govind/ariac_ws/devel/include/nist_gear/SubmitTrayRequest.h)
Linked: (/home/govind/ariac_ws/devel/.private/nist_gear/include/nist_gear/SubmitTrayResponse.h, /home/govind/ariac_ws/devel/include/nist_gear/SubmitTrayResponse.h)
Linked: (/home/govind/ariac_ws/devel/.private/nist_gear/include/nist_gear/Proximity.h, /home/govind/ariac_ws/devel/include/nist_gear/Proximity.h)
Linked: (/home/govind/ariac_ws/devel/.private/nist_gear/include/nist_gear/DetectShipmentRequest.h, /home/govind/ariac_ws/devel/include/nist_gear/DetectShipmentRequest.h)
Linked: (/home/govind/ariac_ws/devel/.private/nist_gear/include/nist_gear/AGVControlResponse.h, /home/govind/ariac_ws/devel/include/nist_gear/AGVControlResponse.h)
Linked: (/home/govind/ariac_ws/devel/.private/nist_gear/include/nist_gear/DetectedProduct.h, /home/govind/ariac_ws/devel/include/nist_gear/DetectedProduct.h)
Linked: (/home/govind/ariac_ws/devel/.private/nist_gear/include/nist_gear/ConveyorBeltControlRequest.h, /home/govind/ariac_ws/devel/include/nist_gear/ConveyorBeltControlRequest.h)
Linked: (/home/govind/ariac_ws/devel/.private/nist_gear/include/nist_gear/ConveyorBeltState.h, /home/govind/ariac_ws/devel/include/nist_gear/ConveyorBeltState.h)
Linked: (/home/govind/ariac_ws/devel/.private/nist_gear/include/nist_gear/Product.h, /home/govind/ariac_ws/devel/include/nist_gear/Product.h)
Linked: (/home/govind/ariac_ws/devel/.private/nist_gear/include/nist_gear/DroneControlRequest.h, /home/govind/ariac_ws/devel/include/nist_gear/DroneControlRequest.h)
Linked: (/home/govind/ariac_ws/devel/.private/nist_gear/include/nist_gear/VacuumGripperControlResponse.h, /home/govind/ariac_ws/devel/include/nist_gear/VacuumGripperControlResponse.h)
Linked: (/home/govind/ariac_ws/devel/.private/nist_gear/include/nist_gear/AGVControl.h, /home/govind/ariac_ws/devel/include/nist_gear/AGVControl.h)
Linked: (/home/govind/ariac_ws/devel/.private/nist_gear/lib/libToggleVisualPlugin.so, /home/govind/ariac_ws/devel/lib/libToggleVisualPlugin.so)
Linked: (/home/govind/ariac_ws/devel/.private/nist_gear/lib/libROSProximityRayPlugin.so, /home/govind/ariac_ws/devel/lib/libROSProximityRayPlugin.so)
Linked: (/home/govind/ariac_ws/devel/.private/nist_gear/lib/libROSPopulationPlugin.so, /home/govind/ariac_ws/devel/lib/libROSPopulationPlugin.so)
Linked: (/home/govind/ariac_ws/devel/.private/nist_gear/lib/libROSLogicalCameraPlugin.so, /home/govind/ariac_ws/devel/lib/libROSLogicalCameraPlugin.so)
Linked: (/home/govind/ariac_ws/devel/.private/nist_gear/lib/libAriacScorer.so, /home/govind/ariac_ws/devel/lib/libAriacScorer.so)
Linked: (/home/govind/ariac_ws/devel/.private/nist_gear/lib/libROSAriacKitTrayPlugin.so, /home/govind/ariac_ws/devel/lib/libROSAriacKitTrayPlugin.so)
Linked: (/home/govind/ariac_ws/devel/.private/nist_gear/lib/libROSLaserPlugin.so, /home/govind/ariac_ws/devel/lib/libROSLaserPlugin.so)
Linked: (/home/govind/ariac_ws/devel/.private/nist_gear/lib/libConveyorBeltPlugin.so, /home/govind/ariac_ws/devel/lib/libConveyorBeltPlugin.so)
Linked: (/home/govind/ariac_ws/devel/.private/nist_gear/lib/libLogPlaybackPlugin.so, /home/govind/ariac_ws/devel/lib/libLogPlaybackPlugin.so)
Linked: (/home/govind/ariac_ws/devel/.private/nist_gear/lib/libVacuumGripperPlugin.so, /home/govind/ariac_ws/devel/lib/libVacuumGripperPlugin.so)
Linked: (/home/govind/ariac_ws/devel/.private/nist_gear/lib/libROSAriacTaskManagerPlugin.so, /home/govind/ariac_ws/devel/lib/libROSAriacTaskManagerPlugin.so)
Linked: (/home/govind/ariac_ws/devel/.private/nist_gear/lib/libROSVacuumGripperPlugin.so, /home/govind/ariac_ws/devel/lib/libROSVacuumGripperPlugin.so)
Linked: (/home/govind/ariac_ws/devel/.private/nist_gear/lib/libSideContactPlugin.so, /home/govind/ariac_ws/devel/lib/libSideContactPlugin.so)
Linked: (/home/govind/ariac_ws/devel/.private/nist_gear/lib/libSensorBlackoutPlugin.so, /home/govind/ariac_ws/devel/lib/libSensorBlackoutPlugin.so)
Linked: (/home/govind/ariac_ws/devel/.private/nist_gear/lib/libProximityRayPlugin.so, /home/govind/ariac_ws/devel/lib/libProximityRayPlugin.so)
Linked: (/home/govind/ariac_ws/devel/.private/nist_gear/lib/libObjectDisposalPlugin.so, /home/govind/ariac_ws/devel/lib/libObjectDisposalPlugin.so)
Linked: (/home/govind/ariac_ws/devel/.private/nist_gear/lib/libROSPersonPlugin.so, /home/govind/ariac_ws/devel/lib/libROSPersonPlugin.so)
Linked: (/home/govind/ariac_ws/devel/.private/nist_gear/lib/libPopulationPlugin.so, /home/govind/ariac_ws/devel/lib/libPopulationPlugin.so)
Linked: (/home/govind/ariac_ws/devel/.private/nist_gear/lib/libROSConveyorBeltPlugin.so, /home/govind/ariac_ws/devel/lib/libROSConveyorBeltPlugin.so)
Linked: (/home/govind/ariac_ws/devel/.private/nist_gear/lib/libConveyorCongestionPlugin.so, /home/govind/ariac_ws/devel/lib/libConveyorCongestionPlugin.so)
Linked: (/home/govind/ariac_ws/devel/.private/nist_gear/lib/libROSAGVPlugin.so, /home/govind/ariac_ws/devel/lib/libROSAGVPlugin.so)
Linked: (/home/govind/ariac_ws/devel/.private/nist_gear/lib/nist_gear/tf2_relay, /home/govind/ariac_ws/devel/lib/nist_gear/tf2_relay)
Linked: (/home/govind/ariac_ws/devel/.private/nist_gear/lib/pkgconfig/nist_gear.pc, /home/govind/ariac_ws/devel/lib/pkgconfig/nist_gear.pc)
Linked: (/home/govind/ariac_ws/devel/.private/nist_gear/lib/python2.7/dist-packages/nist_gear/__init__.py, /home/govind/ariac_ws/devel/lib/python2.7/dist-packages/nist_gear/__init__.py)
Linked: (/home/govind/ariac_ws/devel/.private/nist_gear/lib/python2.7/dist-packages/nist_gear/msg/_DetectedShipment.py, /home/govind/ariac_ws/devel/lib/python2.7/dist-packages/nist_gear/msg/_DetectedShipment.py)
Linked: (/home/govind/ariac_ws/devel/.private/nist_gear/lib/python2.7/dist-packages/nist_gear/msg/_Model.py, /home/govind/ariac_ws/devel/lib/python2.7/dist-packages/nist_gear/msg/_Model.py)
Linked: (/home/govind/ariac_ws/devel/.private/nist_gear/lib/python2.7/dist-packages/nist_gear/msg/_Proximity.py, /home/govind/ariac_ws/devel/lib/python2.7/dist-packages/nist_gear/msg/_Proximity.py)
Linked: (/home/govind/ariac_ws/devel/.private/nist_gear/lib/python2.7/dist-packages/nist_gear/msg/_Shipment.py, /home/govind/ariac_ws/devel/lib/python2.7/dist-packages/nist_gear/msg/_Shipment.py)
Linked: (/home/govind/ariac_ws/devel/.private/nist_gear/lib/python2.7/dist-packages/nist_gear/msg/_DetectedProduct.py, /home/govind/ariac_ws/devel/lib/python2.7/dist-packages/nist_gear/msg/_DetectedProduct.py)
Linked: (/home/govind/ariac_ws/devel/.private/nist_gear/lib/python2.7/dist-packages/nist_gear/msg/_VacuumGripperState.py, /home/govind/ariac_ws/devel/lib/python2.7/dist-packages/nist_gear/msg/_VacuumGripperState.py)
Linked: (/home/govind/ariac_ws/devel/.private/nist_gear/lib/python2.7/dist-packages/nist_gear/msg/_Order.py, /home/govind/ariac_ws/devel/lib/python2.7/dist-packages/nist_gear/msg/_Order.py)
Linked: (/home/govind/ariac_ws/devel/.private/nist_gear/lib/python2.7/dist-packages/nist_gear/msg/__init__.py, /home/govind/ariac_ws/devel/lib/python2.7/dist-packages/nist_gear/msg/__init__.py)
Linked: (/home/govind/ariac_ws/devel/.private/nist_gear/lib/python2.7/dist-packages/nist_gear/msg/_ConveyorBeltState.py, /home/govind/ariac_ws/devel/lib/python2.7/dist-packages/nist_gear/msg/_ConveyorBeltState.py)
Linked: (/home/govind/ariac_ws/devel/.private/nist_gear/lib/python2.7/dist-packages/nist_gear/msg/_PopulationState.py, /home/govind/ariac_ws/devel/lib/python2.7/dist-packages/nist_gear/msg/_PopulationState.py)
Linked: (/home/govind/ariac_ws/devel/.private/nist_gear/lib/python2.7/dist-packages/nist_gear/msg/_StorageUnit.py, /home/govind/ariac_ws/devel/lib/python2.7/dist-packages/nist_gear/msg/_StorageUnit.py)
Linked: (/home/govind/ariac_ws/devel/.private/nist_gear/lib/python2.7/dist-packages/nist_gear/msg/_Product.py, /home/govind/ariac_ws/devel/lib/python2.7/dist-packages/nist_gear/msg/_Product.py)
Linked: (/home/govind/ariac_ws/devel/.private/nist_gear/lib/python2.7/dist-packages/nist_gear/msg/_LogicalCameraImage.py, /home/govind/ariac_ws/devel/lib/python2.7/dist-packages/nist_gear/msg/_LogicalCameraImage.py)
Linked: (/home/govind/ariac_ws/devel/.private/nist_gear/lib/python2.7/dist-packages/nist_gear/srv/_DroneControl.py, /home/govind/ariac_ws/devel/lib/python2.7/dist-packages/nist_gear/srv/_DroneControl.py)
Linked: (/home/govind/ariac_ws/devel/.private/nist_gear/lib/python2.7/dist-packages/nist_gear/srv/_ConveyorBeltControl.py, /home/govind/ariac_ws/devel/lib/python2.7/dist-packages/nist_gear/srv/_ConveyorBeltControl.py)
Linked: (/home/govind/ariac_ws/devel/.private/nist_gear/lib/python2.7/dist-packages/nist_gear/srv/_AGVControl.py, /home/govind/ariac_ws/devel/lib/python2.7/dist-packages/nist_gear/srv/_AGVControl.py)
Linked: (/home/govind/ariac_ws/devel/.private/nist_gear/lib/python2.7/dist-packages/nist_gear/srv/_DetectShipment.py, /home/govind/ariac_ws/devel/lib/python2.7/dist-packages/nist_gear/srv/_DetectShipment.py)
Linked: (/home/govind/ariac_ws/devel/.private/nist_gear/lib/python2.7/dist-packages/nist_gear/srv/__init__.py, /home/govind/ariac_ws/devel/lib/python2.7/dist-packages/nist_gear/srv/__init__.py)
Linked: (/home/govind/ariac_ws/devel/.private/nist_gear/lib/python2.7/dist-packages/nist_gear/srv/_GetMaterialLocations.py, /home/govind/ariac_ws/devel/lib/python2.7/dist-packages/nist_gear/srv/_GetMaterialLocations.py)
Linked: (/home/govind/ariac_ws/devel/.private/nist_gear/lib/python2.7/dist-packages/nist_gear/srv/_SubmitTray.py, /home/govind/ariac_ws/devel/lib/python2.7/dist-packages/nist_gear/srv/_SubmitTray.py)
Linked: (/home/govind/ariac_ws/devel/.private/nist_gear/lib/python2.7/dist-packages/nist_gear/srv/_PopulationControl.py, /home/govind/ariac_ws/devel/lib/python2.7/dist-packages/nist_gear/srv/_PopulationControl.py)
Linked: (/home/govind/ariac_ws/devel/.private/nist_gear/lib/python2.7/dist-packages/nist_gear/srv/_VacuumGripperControl.py, /home/govind/ariac_ws/devel/lib/python2.7/dist-packages/nist_gear/srv/_VacuumGripperControl.py)
Linked: (/home/govind/ariac_ws/devel/.private/nist_gear/lib/python2.7/dist-packages/nist_gear/srv/_SubmitShipment.py, /home/govind/ariac_ws/devel/lib/python2.7/dist-packages/nist_gear/srv/_SubmitShipment.py)
